<?xml version="1.0" encoding="UTF-8"?>
<!-- Generated by org.testng.reporters.JUnitXMLReporter -->
<testsuite ignored="0" hostname="Ganesh" failures="0" tests="3" name="Default test" time="0.076" errors="0" timestamp="2021-10-16T17:07:46 IST">
  <testcase classname="TestStringCalculator" name="returnsValue" time="0.01"/>
  <testcase classname="TestStringCalculator" name="returnsZero" time="0.002"/>
  <testcase classname="TestStringCalculator" name="sumOfNumbers" time="0.001"/>
</testsuite> <!-- Default test -->
