<?xml version="1.0" encoding="UTF-8"?>
<testng-results ignored="0" total="3" passed="3" failed="0" skipped="0">
  <reporter-output>
  </reporter-output>
  <suite started-at="2021-10-16T17:07:46 IST" name="Default suite" finished-at="2021-10-16T17:07:46 IST" duration-ms="76">
    <groups>
    </groups>
    <test started-at="2021-10-16T17:07:46 IST" name="Default test" finished-at="2021-10-16T17:07:46 IST" duration-ms="76">
      <class name="TestStringCalculator">
        <test-method is-config="true" signature="init()[pri:0, instance:TestStringCalculator@4386f16]" started-at="2021-10-16T17:07:46 IST" name="init" finished-at="2021-10-16T17:07:46 IST" duration-ms="11" status="PASS">
          <reporter-output>
          </reporter-output>
        </test-method> <!-- init -->
        <test-method signature="returnsValue()[pri:0, instance:TestStringCalculator@4386f16]" started-at="2021-10-16T17:07:46 IST" name="returnsValue" finished-at="2021-10-16T17:07:46 IST" duration-ms="10" status="PASS">
          <reporter-output>
          </reporter-output>
        </test-method> <!-- returnsValue -->
        <test-method signature="returnsZero()[pri:0, instance:TestStringCalculator@4386f16]" started-at="2021-10-16T17:07:46 IST" name="returnsZero" finished-at="2021-10-16T17:07:46 IST" duration-ms="2" status="PASS">
          <reporter-output>
          </reporter-output>
        </test-method> <!-- returnsZero -->
        <test-method signature="sumOfNumbers()[pri:0, instance:TestStringCalculator@4386f16]" started-at="2021-10-16T17:07:46 IST" name="sumOfNumbers" finished-at="2021-10-16T17:07:46 IST" duration-ms="1" status="PASS">
          <reporter-output>
          </reporter-output>
        </test-method> <!-- sumOfNumbers -->
      </class> <!-- TestStringCalculator -->
    </test> <!-- Default test -->
  </suite> <!-- Default suite -->
</testng-results>
